# JRE version: Java(TM) SE Runtime Environment (8.0_261-b12) (build 1.8.0_261-b12)
# Java VM: Java HotSpot(TM) 64-Bit Server VM (25.261-b12 mixed mode linux-amd64 compressed oops)
Heap:
 PSYoungGen      total 150016K, used 107067K [0x0000000719180000, 0x000000072b680000, 0x00000007c0000000)
  eden space 129024K, 82% used [0x0000000719180000,0x000000071fa0efc0,0x0000000720f80000)
  from space 20992K, 0% used [0x0000000722400000,0x0000000722400000,0x0000000723880000)
  to   space 20992K, 0% used [0x0000000720f80000,0x0000000720f80000,0x0000000722400000)
 ParOldGen       total 185344K, used 6360K [0x00000005cb400000, 0x00000005d6900000, 0x0000000719180000)
  object space 185344K, 3% used [0x00000005cb400000,0x00000005cba363b8,0x00000005d6900000)
 Metaspace       used 29037K, capacity 31006K, committed 31104K, reserved 1077248K
  class space    used 3818K, capacity 4168K, committed 4224K, reserved 1048576K
GC Heap History (6 events):
Event: 1,431 GC heap before
{Heap before GC invocations=1 (full 0):
 PSYoungGen      total 150016K, used 129024K [0x0000000719180000, 0x0000000723880000, 0x00000007c0000000)
  eden space 129024K, 100% used [0x0000000719180000,0x0000000720f80000,0x0000000720f80000)
  from space 20992K, 0% used [0x0000000722400000,0x0000000722400000,0x0000000723880000)
  to   space 20992K, 0% used [0x0000000720f80000,0x0000000720f80000,0x0000000722400000)
 ParOldGen       total 343040K, used 0K [0x00000005cb400000, 0x00000005e0300000, 0x0000000719180000)
  object space 343040K, 0% used [0x00000005cb400000,0x00000005cb400000,0x00000005e0300000)
 Metaspace       used 19393K, capacity 20234K, committed 20480K, reserved 1067008K
  class space    used 2502K, capacity 2731K, committed 2816K, reserved 1048576K
Event: 1,443 GC heap after
Heap after GC invocations=1 (full 0):
 PSYoungGen      total 150016K, used 13631K [0x0000000719180000, 0x0000000723880000, 0x00000007c0000000)
  eden space 129024K, 0% used [0x0000000719180000,0x0000000719180000,0x0000000720f80000)
  from space 20992K, 64% used [0x0000000720f80000,0x0000000721ccfd20,0x0000000722400000)
  to   space 20992K, 0% used [0x0000000722400000,0x0000000722400000,0x0000000723880000)
 ParOldGen       total 343040K, used 16K [0x00000005cb400000, 0x00000005e0300000, 0x0000000719180000)
  object space 343040K, 0% used [0x00000005cb400000,0x00000005cb404000,0x00000005e0300000)
 Metaspace       used 19393K, capacity 20234K, committed 20480K, reserved 1067008K
  class space    used 2502K, capacity 2731K, committed 2816K, reserved 1048576K
}
Event: 1,549 GC heap before
{Heap before GC invocations=2 (full 0):
 PSYoungGen      total 150016K, used 34677K [0x0000000719180000, 0x0000000723880000, 0x00000007c0000000)
  eden space 129024K, 16% used [0x0000000719180000,0x000000071a60d938,0x0000000720f80000)
  from space 20992K, 64% used [0x0000000720f80000,0x0000000721ccfd20,0x0000000722400000)
  to   space 20992K, 0% used [0x0000000722400000,0x0000000722400000,0x0000000723880000)
 ParOldGen       total 343040K, used 16K [0x00000005cb400000, 0x00000005e0300000, 0x0000000719180000)
  object space 343040K, 0% used [0x00000005cb400000,0x00000005cb404000,0x00000005e0300000)
 Metaspace       used 20283K, capacity 21168K, committed 21296K, reserved 1067008K
  class space    used 2628K, capacity 2856K, committed 2944K, reserved 1048576K
Event: 1,554 GC heap after
Heap after GC invocations=2 (full 0):
 PSYoungGen      total 150016K, used 6571K [0x0000000719180000, 0x000000072b680000, 0x00000007c0000000)
  eden space 129024K, 0% used [0x0000000719180000,0x0000000719180000,0x0000000720f80000)
  from space 20992K, 31% used [0x0000000722400000,0x0000000722a6ae68,0x0000000723880000)
  to   space 20992K, 0% used [0x0000000720f80000,0x0000000720f80000,0x0000000722400000)
 ParOldGen       total 343040K, used 24K [0x00000005cb400000, 0x00000005e0300000, 0x0000000719180000)
  object space 343040K, 0% used [0x00000005cb400000,0x00000005cb406000,0x00000005e0300000)
 Metaspace       used 20283K, capacity 21168K, committed 21296K, reserved 1067008K
  class space    used 2628K, capacity 2856K, committed 2944K, reserved 1048576K
}
Event: 1,554 GC heap before
{Heap before GC invocations=3 (full 1):
 PSYoungGen      total 150016K, used 6571K [0x0000000719180000, 0x000000072b680000, 0x00000007c0000000)
  eden space 129024K, 0% used [0x0000000719180000,0x0000000719180000,0x0000000720f80000)
  from space 20992K, 31% used [0x0000000722400000,0x0000000722a6ae68,0x0000000723880000)
  to   space 20992K, 0% used [0x0000000720f80000,0x0000000720f80000,0x0000000722400000)
 ParOldGen       total 343040K, used 24K [0x00000005cb400000, 0x00000005e0300000, 0x0000000719180000)
  object space 343040K, 0% used [0x00000005cb400000,0x00000005cb406000,0x00000005e0300000)
 Metaspace       used 20283K, capacity 21168K, committed 21296K, reserved 1067008K
  class space    used 2628K, capacity 2856K, committed 2944K, reserved 1048576K
Event: 1,581 GC heap after
Heap after GC invocations=3 (full 1):
 PSYoungGen      total 150016K, used 0K [0x0000000719180000, 0x000000072b680000, 0x00000007c0000000)
  eden space 129024K, 0% used [0x0000000719180000,0x0000000719180000,0x0000000720f80000)
  from space 20992K, 0% used [0x0000000722400000,0x0000000722400000,0x0000000723880000)
  to   space 20992K, 0% used [0x0000000720f80000,0x0000000720f80000,0x0000000722400000)
 ParOldGen       total 185344K, used 6360K [0x00000005cb400000, 0x00000005d6900000, 0x0000000719180000)
  object space 185344K, 3% used [0x00000005cb400000,0x00000005cba363b8,0x00000005d6900000)
 Metaspace       used 20283K, capacity 21168K, committed 21296K, reserved 1067008K
  class space    used 2628K, capacity 2856K, committed 2944K, reserved 1048576K
}

